============================= test session starts ==============================
platform linux -- Python 3.12.13, pytest-9.0.3, pluggy-1.6.0 -- /root/.pyenv/versions/3.12.13/bin/python3
cachedir: .pytest_cache
rootdir: /workspace/quant_opt_20260624
collecting ... collected 35 items

tests/test_correctness.py::TestBacktestCorrectness::test_equity_curve_matches PASSED
tests/test_correctness.py::TestBacktestCorrectness::test_trade_count_matches PASSED
tests/test_correctness.py::TestBacktestCorrectness::test_final_equity_matches PASSED
tests/test_correctness.py::TestBacktestCorrectness::test_metrics_match PASSED
tests/test_correctness.py::TestBacktestCorrectness::test_different_strategies PASSED
tests/test_correctness.py::TestFactorEngineCorrectness::test_delta_correctness PASSED
tests/test_correctness.py::TestFactorEngineCorrectness::test_ts_mean_correctness PASSED
tests/test_correctness.py::TestFactorEngineCorrectness::test_rank_correctness PASSED
tests/test_correctness.py::TestFactorEngineCorrectness::test_arithmetic_correctness PASSED
tests/test_correctness.py::TestFactorEngineCorrectness::test_builtin_factors_calculable PASSED
tests/test_correctness.py::TestFactorEngineCorrectness::test_no_per_stock_loop PASSED
tests/test_correctness.py::TestICAnalysisCorrectness::test_spearman_ic_matches_scipy PASSED
tests/test_correctness.py::TestICAnalysisCorrectness::test_pearson_ic_matches_scipy PASSED
tests/test_correctness.py::TestICAnalysisCorrectness::test_ic_stats_consistency PASSED
tests/test_correctness.py::TestICAnalysisCorrectness::test_quantile_returns_shape PASSED
tests/test_edge_cases.py::TestBacktestEdgeCases::test_empty_data PASSED
tests/test_edge_cases.py::TestBacktestEdgeCases::test_single_stock PASSED
tests/test_edge_cases.py::TestBacktestEdgeCases::test_all_zero_signals PASSED
tests/test_edge_cases.py::TestBacktestEdgeCases::test_all_limit_up PASSED
tests/test_edge_cases.py::TestBacktestEdgeCases::test_single_day PASSED
tests/test_edge_cases.py::TestBacktestEdgeCases::test_t_plus_1_default PASSED
tests/test_edge_cases.py::TestFactorEngineEdgeCases::test_empty_data PASSED
tests/test_edge_cases.py::TestFactorEngineEdgeCases::test_unknown_field_raises PASSED
tests/test_edge_cases.py::TestFactorEngineEdgeCases::test_missing_turnover PASSED
tests/test_edge_cases.py::TestFactorEngineEdgeCases::test_nested_expression PASSED
tests/test_edge_cases.py::TestICAnalysisEdgeCases::test_empty_data PASSED
tests/test_edge_cases.py::TestICAnalysisEdgeCases::test_insufficient_stocks PASSED
tests/test_edge_cases.py::TestICAnalysisEdgeCases::test_all_nan_factor PASSED
tests/test_edge_cases.py::TestICAnalysisEdgeCases::test_constant_factor PASSED
tests/test_performance.py::TestBacktestPerformance::test_backtest_speedup[50-250] 
[回测 50股×250日] native=1069.1ms  vec=286.9ms  加速=3.73x
PASSED
tests/test_performance.py::TestBacktestPerformance::test_backtest_speedup[200-500] 
[回测 200股×500日] native=10158.5ms  vec=773.1ms  加速=13.14x
PASSED
tests/test_performance.py::TestFactorEnginePerformance::test_factor_calc_speedup[100-250] 
[因子 100股×250日] 逐股循环=260.9ms  表达式引擎=36.7ms  加速=7.11x
PASSED
tests/test_performance.py::TestFactorEnginePerformance::test_factor_calc_speedup[300-500] 
[因子 300股×500日] 逐股循环=3093.0ms  表达式引擎=135.5ms  加速=22.83x
PASSED
tests/test_performance.py::TestICAnalysisPerformance::test_ic_speedup[100-250] 
[IC 100股×250日] 逐日scipy=105.0ms  向量化=31.1ms  加速=3.38x
PASSED
tests/test_performance.py::TestICAnalysisPerformance::test_ic_speedup[300-500] 
[IC 300股×500日] 逐日scipy=281.1ms  向量化=182.2ms  加速=1.54x
PASSED

============================= 35 passed in 38.46s ==============================